<?xml version="1.0" encoding="UTF-8"?>
<!-- Generated by org.testng.reporters.JUnitXMLReporter -->
<testsuite ignored="0" hostname="LAPTOP-BKNNN7A8" failures="14" tests="35" name="employee api  testing" time="24.991" errors="0" timestamp="2021-11-28T10:54:39 IST">
  <testcase classname="com.employee.api.testCases.TC001_Get_all_employees" name="checkContentType" time="0.03">
    <failure type="java.lang.AssertionError" message="expected [application/json] but found [text/html; charset=UTF-8]">
      <![CDATA[java.lang.AssertionError: expected [application/json] but found [text/html; charset=UTF-8]
at com.employee.api.testCases.TC001_Get_all_employees.checkContentType(TC001_Get_all_employees.java:65)
at java.base/java.util.ArrayList.forEach(ArrayList.java:1511)
... Removed 32 stack frames]]>
    </failure>
  </testcase> <!-- checkContentType -->
  <testcase classname="com.employee.api.testCases.TC001_Get_all_employees" name="checkResponseBody" time="0.029"/>
  <testcase classname="com.employee.api.testCases.TC001_Get_all_employees" name="checkResponseTime" time="0.002"/>
  <testcase classname="com.employee.api.testCases.TC001_Get_all_employees" name="checkServerType" time="0.005"/>
  <testcase classname="com.employee.api.testCases.TC001_Get_all_employees" name="checkStatusCode" time="0.002">
    <failure type="java.lang.AssertionError" message="expected [200] but found [429]">
      <![CDATA[java.lang.AssertionError: expected [200] but found [429]
at com.employee.api.testCases.TC001_Get_all_employees.checkStatusCode(TC001_Get_all_employees.java:45)
at java.base/java.util.ArrayList.forEach(ArrayList.java:1511)
... Removed 32 stack frames]]>
    </failure>
  </testcase> <!-- checkStatusCode -->
  <testcase classname="com.employee.api.testCases.TC001_Get_all_employees" name="checkStatusLine" time="0.001">
    <failure type="java.lang.AssertionError" message="expected [HTTP/1.1 200 OK] but found [HTTP/1.1 429 Too Many Requests]">
      <![CDATA[java.lang.AssertionError: expected [HTTP/1.1 200 OK] but found [HTTP/1.1 429 Too Many Requests]
at com.employee.api.testCases.TC001_Get_all_employees.checkStatusLine(TC001_Get_all_employees.java:57)
at java.base/java.util.ArrayList.forEach(ArrayList.java:1511)
... Removed 32 stack frames]]>
    </failure>
  </testcase> <!-- checkStatusLine -->
  <testcase classname="com.employee.api.testCases.TC001_Get_all_employees" name="tearDown" time="0.001"/>
  <testcase classname="com.employee.api.testCases.TC002_Get_single_employee_data" name="checkContentType" time="0.01">
    <failure type="java.lang.AssertionError" message="expected [application/json] but found [text/html; charset=UTF-8]">
      <![CDATA[java.lang.AssertionError: expected [application/json] but found [text/html; charset=UTF-8]
at com.employee.api.testCases.TC002_Get_single_employee_data.checkContentType(TC002_Get_single_employee_data.java:64)
at java.base/java.util.ArrayList.forEach(ArrayList.java:1511)
... Removed 32 stack frames]]>
    </failure>
  </testcase> <!-- checkContentType -->
  <testcase classname="com.employee.api.testCases.TC002_Get_single_employee_data" name="checkResponseBody" time="0.011"/>
  <testcase classname="com.employee.api.testCases.TC002_Get_single_employee_data" name="checkResponseTime" time="0.002"/>
  <testcase classname="com.employee.api.testCases.TC002_Get_single_employee_data" name="checkServerType" time="0.001"/>
  <testcase classname="com.employee.api.testCases.TC002_Get_single_employee_data" name="checkStatusCode" time="0.002">
    <failure type="java.lang.AssertionError" message="expected [200] but found [429]">
      <![CDATA[java.lang.AssertionError: expected [200] but found [429]
at com.employee.api.testCases.TC002_Get_single_employee_data.checkStatusCode(TC002_Get_single_employee_data.java:44)
at java.base/java.util.ArrayList.forEach(ArrayList.java:1511)
... Removed 32 stack frames]]>
    </failure>
  </testcase> <!-- checkStatusCode -->
  <testcase classname="com.employee.api.testCases.TC002_Get_single_employee_data" name="checkStatusLine" time="0.001">
    <failure type="java.lang.AssertionError" message="expected [HTTP/1.1 200 OK] but found [HTTP/1.1 429 Too Many Requests]">
      <![CDATA[java.lang.AssertionError: expected [HTTP/1.1 200 OK] but found [HTTP/1.1 429 Too Many Requests]
at com.employee.api.testCases.TC002_Get_single_employee_data.checkStatusLine(TC002_Get_single_employee_data.java:56)
at java.base/java.util.ArrayList.forEach(ArrayList.java:1511)
... Removed 32 stack frames]]>
    </failure>
  </testcase> <!-- checkStatusLine -->
  <testcase classname="com.employee.api.testCases.TC002_Get_single_employee_data" name="tearDown" time="0.001"/>
  <testcase classname="com.employee.api.testCases.TC003_Create_employee" name="checkContentType" time="0.002">
    <failure type="java.lang.AssertionError" message="expected [application/json] but found [text/html; charset=UTF-8]">
      <![CDATA[java.lang.AssertionError: expected [application/json] but found [text/html; charset=UTF-8]
at com.employee.api.testCases.TC003_Create_employee.checkContentType(TC003_Create_employee.java:83)
at java.base/java.util.ArrayList.forEach(ArrayList.java:1511)
... Removed 32 stack frames]]>
    </failure>
  </testcase> <!-- checkContentType -->
  <testcase classname="com.employee.api.testCases.TC003_Create_employee" name="checkResponseBody" time="0.003">
    <failure type="java.lang.AssertionError" message="expected [true] but found [false]">
      <![CDATA[java.lang.AssertionError: expected [true] but found [false]
at com.employee.api.testCases.TC003_Create_employee.checkResponseBody(TC003_Create_employee.java:51)
at java.base/java.util.ArrayList.forEach(ArrayList.java:1511)
... Removed 31 stack frames]]>
    </failure>
  </testcase> <!-- checkResponseBody -->
  <testcase classname="com.employee.api.testCases.TC003_Create_employee" name="checkResponseTime" time="0.002"/>
  <testcase classname="com.employee.api.testCases.TC003_Create_employee" name="checkServerType" time="0.001"/>
  <testcase classname="com.employee.api.testCases.TC003_Create_employee" name="checkStatusCode" time="0.001">
    <failure type="java.lang.AssertionError" message="expected [200] but found [429]">
      <![CDATA[java.lang.AssertionError: expected [200] but found [429]
at com.employee.api.testCases.TC003_Create_employee.checkStatusCode(TC003_Create_employee.java:63)
at java.base/java.util.ArrayList.forEach(ArrayList.java:1511)
... Removed 32 stack frames]]>
    </failure>
  </testcase> <!-- checkStatusCode -->
  <testcase classname="com.employee.api.testCases.TC003_Create_employee" name="checkStatusLine" time="0.002">
    <failure type="java.lang.AssertionError" message="expected [HTTP/1.1 200 OK] but found [HTTP/1.1 429 Too Many Requests]">
      <![CDATA[java.lang.AssertionError: expected [HTTP/1.1 200 OK] but found [HTTP/1.1 429 Too Many Requests]
at com.employee.api.testCases.TC003_Create_employee.checkStatusLine(TC003_Create_employee.java:75)
at java.base/java.util.ArrayList.forEach(ArrayList.java:1511)
... Removed 32 stack frames]]>
    </failure>
  </testcase> <!-- checkStatusLine -->
  <testcase classname="com.employee.api.testCases.TC003_Create_employee" name="tearDown" time="0.0"/>
  <testcase classname="com.employee.api.testCases.TC004_Update_employee" name="checkContentType" time="0.002">
    <failure type="java.lang.AssertionError" message="expected [application/json] but found [text/html; charset=UTF-8]">
      <![CDATA[java.lang.AssertionError: expected [application/json] but found [text/html; charset=UTF-8]
at com.employee.api.testCases.TC004_Update_employee.checkContentType(TC004_Update_employee.java:78)
at java.base/java.util.ArrayList.forEach(ArrayList.java:1511)
... Removed 32 stack frames]]>
    </failure>
  </testcase> <!-- checkContentType -->
  <testcase classname="com.employee.api.testCases.TC004_Update_employee" name="checkResponseBody" time="0.004">
    <failure type="java.lang.AssertionError" message="expected [true] but found [false]">
      <![CDATA[java.lang.AssertionError: expected [true] but found [false]
at com.employee.api.testCases.TC004_Update_employee.checkResponseBody(TC004_Update_employee.java:47)
at java.base/java.util.ArrayList.forEach(ArrayList.java:1511)
... Removed 31 stack frames]]>
    </failure>
  </testcase> <!-- checkResponseBody -->
  <testcase classname="com.employee.api.testCases.TC004_Update_employee" name="checkResponseTime" time="0.005"/>
  <testcase classname="com.employee.api.testCases.TC004_Update_employee" name="checkServerType" time="0.003"/>
  <testcase classname="com.employee.api.testCases.TC004_Update_employee" name="checkStatusCode" time="0.008">
    <failure type="java.lang.AssertionError" message="expected [200] but found [429]">
      <![CDATA[java.lang.AssertionError: expected [200] but found [429]
at com.employee.api.testCases.TC004_Update_employee.checkStatusCode(TC004_Update_employee.java:58)
at java.base/java.util.ArrayList.forEach(ArrayList.java:1511)
... Removed 32 stack frames]]>
    </failure>
  </testcase> <!-- checkStatusCode -->
  <testcase classname="com.employee.api.testCases.TC004_Update_employee" name="checkStatusLine" time="0.001">
    <failure type="java.lang.AssertionError" message="expected [HTTP/1.1 200 OK] but found [HTTP/1.1 429 Too Many Requests]">
      <![CDATA[java.lang.AssertionError: expected [HTTP/1.1 200 OK] but found [HTTP/1.1 429 Too Many Requests]
at com.employee.api.testCases.TC004_Update_employee.checkStatusLine(TC004_Update_employee.java:70)
at java.base/java.util.ArrayList.forEach(ArrayList.java:1511)
... Removed 32 stack frames]]>
    </failure>
  </testcase> <!-- checkStatusLine -->
  <testcase classname="com.employee.api.testCases.TC004_Update_employee" name="tearDown" time="0.003"/>
  <testcase classname="com.employee.api.testCases.TC005_Delete_employee" name="checkContentType" time="0.003"/>
  <testcase classname="com.employee.api.testCases.TC005_Delete_employee" name="checkResponseBody" time="0.009"/>
  <testcase classname="com.employee.api.testCases.TC005_Delete_employee" name="checkResponseTime" time="0.001"/>
  <testcase classname="com.employee.api.testCases.TC005_Delete_employee" name="checkServerType" time="0.001"/>
  <testcase classname="com.employee.api.testCases.TC005_Delete_employee" name="checkStatusCode" time="0.002"/>
  <testcase classname="com.employee.api.testCases.TC005_Delete_employee" name="checkStatusLine" time="0.001"/>
  <testcase classname="com.employee.api.testCases.TC005_Delete_employee" name="tearDown" time="0.002"/>
</testsuite> <!-- employee api  testing -->
