<?xml version="1.0" encoding="UTF-8"?>
<!-- Generated by org.testng.reporters.JUnitXMLReporter -->
<testsuite ignored="0" hostname="LAPTOP-BKNNN7A8" failures="0" tests="7" name="Default test" time="7.574" errors="0" timestamp="2021-11-28T10:49:24 IST">
  <testcase classname="com.employee.api.testCases.TC005_Delete_employee" name="checkContentType" time="0.012"/>
  <testcase classname="com.employee.api.testCases.TC005_Delete_employee" name="checkResponseBody" time="0.006"/>
  <testcase classname="com.employee.api.testCases.TC005_Delete_employee" name="checkResponseTime" time="0.003"/>
  <testcase classname="com.employee.api.testCases.TC005_Delete_employee" name="checkServerType" time="0.001"/>
  <testcase classname="com.employee.api.testCases.TC005_Delete_employee" name="checkStatusCode" time="0.001"/>
  <testcase classname="com.employee.api.testCases.TC005_Delete_employee" name="checkStatusLine" time="0.002"/>
  <testcase classname="com.employee.api.testCases.TC005_Delete_employee" name="tearDown" time="0.001"/>
</testsuite> <!-- Default test -->
