<?xml version="1.0" encoding="UTF-8"?>
<!-- Generated by org.testng.reporters.JUnitXMLReporter -->
<testsuite hostname="LAPTOP-BKNNN7A8" ignored="0" name="employee api  testing" tests="35" failures="14" timestamp="2021-11-28T18:39:19 IST" time="36.657" errors="0">
  <testcase name="checkContentType" time="0.009" classname="com.employee.api.testCases.TC001_Get_all_employees">
    <failure type="java.lang.AssertionError" message="expected [application/json] but found [text/html; charset=UTF-8]">
      <![CDATA[java.lang.AssertionError: expected [application/json] but found [text/html; charset=UTF-8]
at com.employee.api.testCases.TC001_Get_all_employees.checkContentType(TC001_Get_all_employees.java:65)
at java.util.ArrayList.forEach(ArrayList.java:1257)
... Removed 36 stack frames]]>
    </failure>
  </testcase> <!-- checkContentType -->
  <testcase name="checkResponseBody" time="0.016" classname="com.employee.api.testCases.TC001_Get_all_employees"/>
  <testcase name="checkResponseTime" time="0.001" classname="com.employee.api.testCases.TC001_Get_all_employees"/>
  <testcase name="checkServerType" time="0.001" classname="com.employee.api.testCases.TC001_Get_all_employees"/>
  <testcase name="checkStatusCode" time="0.001" classname="com.employee.api.testCases.TC001_Get_all_employees">
    <failure type="java.lang.AssertionError" message="expected [200] but found [429]">
      <![CDATA[java.lang.AssertionError: expected [200] but found [429]
at com.employee.api.testCases.TC001_Get_all_employees.checkStatusCode(TC001_Get_all_employees.java:45)
at java.util.ArrayList.forEach(ArrayList.java:1257)
... Removed 36 stack frames]]>
    </failure>
  </testcase> <!-- checkStatusCode -->
  <testcase name="checkStatusLine" time="0.001" classname="com.employee.api.testCases.TC001_Get_all_employees">
    <failure type="java.lang.AssertionError" message="expected [HTTP/1.1 200 OK] but found [HTTP/1.1 429 Too Many Requests]">
      <![CDATA[java.lang.AssertionError: expected [HTTP/1.1 200 OK] but found [HTTP/1.1 429 Too Many Requests]
at com.employee.api.testCases.TC001_Get_all_employees.checkStatusLine(TC001_Get_all_employees.java:57)
at java.util.ArrayList.forEach(ArrayList.java:1257)
... Removed 36 stack frames]]>
    </failure>
  </testcase> <!-- checkStatusLine -->
  <testcase name="tearDown" time="0.0" classname="com.employee.api.testCases.TC001_Get_all_employees"/>
  <testcase name="checkContentType" time="0.004" classname="com.employee.api.testCases.TC002_Get_single_employee_data">
    <failure type="java.lang.AssertionError" message="expected [application/json] but found [text/html; charset=UTF-8]">
      <![CDATA[java.lang.AssertionError: expected [application/json] but found [text/html; charset=UTF-8]
at com.employee.api.testCases.TC002_Get_single_employee_data.checkContentType(TC002_Get_single_employee_data.java:64)
at java.util.ArrayList.forEach(ArrayList.java:1257)
... Removed 36 stack frames]]>
    </failure>
  </testcase> <!-- checkContentType -->
  <testcase name="checkResponseBody" time="0.005" classname="com.employee.api.testCases.TC002_Get_single_employee_data"/>
  <testcase name="checkResponseTime" time="0.001" classname="com.employee.api.testCases.TC002_Get_single_employee_data"/>
  <testcase name="checkServerType" time="0.002" classname="com.employee.api.testCases.TC002_Get_single_employee_data"/>
  <testcase name="checkStatusCode" time="0.001" classname="com.employee.api.testCases.TC002_Get_single_employee_data">
    <failure type="java.lang.AssertionError" message="expected [200] but found [429]">
      <![CDATA[java.lang.AssertionError: expected [200] but found [429]
at com.employee.api.testCases.TC002_Get_single_employee_data.checkStatusCode(TC002_Get_single_employee_data.java:44)
at java.util.ArrayList.forEach(ArrayList.java:1257)
... Removed 36 stack frames]]>
    </failure>
  </testcase> <!-- checkStatusCode -->
  <testcase name="checkStatusLine" time="0.003" classname="com.employee.api.testCases.TC002_Get_single_employee_data">
    <failure type="java.lang.AssertionError" message="expected [HTTP/1.1 200 OK] but found [HTTP/1.1 429 Too Many Requests]">
      <![CDATA[java.lang.AssertionError: expected [HTTP/1.1 200 OK] but found [HTTP/1.1 429 Too Many Requests]
at com.employee.api.testCases.TC002_Get_single_employee_data.checkStatusLine(TC002_Get_single_employee_data.java:56)
at java.util.ArrayList.forEach(ArrayList.java:1257)
... Removed 36 stack frames]]>
    </failure>
  </testcase> <!-- checkStatusLine -->
  <testcase name="tearDown" time="0.001" classname="com.employee.api.testCases.TC002_Get_single_employee_data"/>
  <testcase name="checkContentType" time="0.002" classname="com.employee.api.testCases.TC003_Create_employee">
    <failure type="java.lang.AssertionError" message="expected [application/json] but found [text/html; charset=UTF-8]">
      <![CDATA[java.lang.AssertionError: expected [application/json] but found [text/html; charset=UTF-8]
at com.employee.api.testCases.TC003_Create_employee.checkContentType(TC003_Create_employee.java:83)
at java.util.ArrayList.forEach(ArrayList.java:1257)
... Removed 36 stack frames]]>
    </failure>
  </testcase> <!-- checkContentType -->
  <testcase name="checkResponseBody" time="0.004" classname="com.employee.api.testCases.TC003_Create_employee">
    <failure type="java.lang.AssertionError" message="expected [true] but found [false]">
      <![CDATA[java.lang.AssertionError: expected [true] but found [false]
at com.employee.api.testCases.TC003_Create_employee.checkResponseBody(TC003_Create_employee.java:51)
at java.util.ArrayList.forEach(ArrayList.java:1257)
... Removed 35 stack frames]]>
    </failure>
  </testcase> <!-- checkResponseBody -->
  <testcase name="checkResponseTime" time="0.002" classname="com.employee.api.testCases.TC003_Create_employee"/>
  <testcase name="checkServerType" time="0.002" classname="com.employee.api.testCases.TC003_Create_employee"/>
  <testcase name="checkStatusCode" time="0.002" classname="com.employee.api.testCases.TC003_Create_employee">
    <failure type="java.lang.AssertionError" message="expected [200] but found [429]">
      <![CDATA[java.lang.AssertionError: expected [200] but found [429]
at com.employee.api.testCases.TC003_Create_employee.checkStatusCode(TC003_Create_employee.java:63)
at java.util.ArrayList.forEach(ArrayList.java:1257)
... Removed 36 stack frames]]>
    </failure>
  </testcase> <!-- checkStatusCode -->
  <testcase name="checkStatusLine" time="0.001" classname="com.employee.api.testCases.TC003_Create_employee">
    <failure type="java.lang.AssertionError" message="expected [HTTP/1.1 200 OK] but found [HTTP/1.1 429 Too Many Requests]">
      <![CDATA[java.lang.AssertionError: expected [HTTP/1.1 200 OK] but found [HTTP/1.1 429 Too Many Requests]
at com.employee.api.testCases.TC003_Create_employee.checkStatusLine(TC003_Create_employee.java:75)
at java.util.ArrayList.forEach(ArrayList.java:1257)
... Removed 36 stack frames]]>
    </failure>
  </testcase> <!-- checkStatusLine -->
  <testcase name="tearDown" time="0.002" classname="com.employee.api.testCases.TC003_Create_employee"/>
  <testcase name="checkContentType" time="0.002" classname="com.employee.api.testCases.TC004_Update_employee"/>
  <testcase name="checkResponseBody" time="0.003" classname="com.employee.api.testCases.TC004_Update_employee"/>
  <testcase name="checkResponseTime" time="0.001" classname="com.employee.api.testCases.TC004_Update_employee"/>
  <testcase name="checkServerType" time="0.001" classname="com.employee.api.testCases.TC004_Update_employee"/>
  <testcase name="checkStatusCode" time="0.002" classname="com.employee.api.testCases.TC004_Update_employee"/>
  <testcase name="checkStatusLine" time="0.001" classname="com.employee.api.testCases.TC004_Update_employee"/>
  <testcase name="tearDown" time="0.001" classname="com.employee.api.testCases.TC004_Update_employee"/>
  <testcase name="checkContentType" time="0.002" classname="com.employee.api.testCases.TC005_Delete_employee">
    <failure type="java.lang.AssertionError" message="expected [application/json] but found [text/html; charset=UTF-8]">
      <![CDATA[java.lang.AssertionError: expected [application/json] but found [text/html; charset=UTF-8]
at com.employee.api.testCases.TC005_Delete_employee.checkContentType(TC005_Delete_employee.java:71)
at java.util.ArrayList.forEach(ArrayList.java:1257)
... Removed 36 stack frames]]>
    </failure>
  </testcase> <!-- checkContentType -->
  <testcase name="checkResponseBody" time="0.004" classname="com.employee.api.testCases.TC005_Delete_employee">
    <failure type="java.lang.AssertionError" message="expected [true] but found [false]">
      <![CDATA[java.lang.AssertionError: expected [true] but found [false]
at com.employee.api.testCases.TC005_Delete_employee.checkResponseBody(TC005_Delete_employee.java:40)
at java.util.ArrayList.forEach(ArrayList.java:1257)
... Removed 35 stack frames]]>
    </failure>
  </testcase> <!-- checkResponseBody -->
  <testcase name="checkResponseTime" time="0.001" classname="com.employee.api.testCases.TC005_Delete_employee"/>
  <testcase name="checkServerType" time="0.002" classname="com.employee.api.testCases.TC005_Delete_employee"/>
  <testcase name="checkStatusCode" time="0.001" classname="com.employee.api.testCases.TC005_Delete_employee">
    <failure type="java.lang.AssertionError" message="expected [200] but found [429]">
      <![CDATA[java.lang.AssertionError: expected [200] but found [429]
at com.employee.api.testCases.TC005_Delete_employee.checkStatusCode(TC005_Delete_employee.java:51)
at java.util.ArrayList.forEach(ArrayList.java:1257)
... Removed 36 stack frames]]>
    </failure>
  </testcase> <!-- checkStatusCode -->
  <testcase name="checkStatusLine" time="0.002" classname="com.employee.api.testCases.TC005_Delete_employee">
    <failure type="java.lang.AssertionError" message="expected [HTTP/1.1 200 OK] but found [HTTP/1.1 429 Too Many Requests]">
      <![CDATA[java.lang.AssertionError: expected [HTTP/1.1 200 OK] but found [HTTP/1.1 429 Too Many Requests]
at com.employee.api.testCases.TC005_Delete_employee.checkStatusLine(TC005_Delete_employee.java:63)
at java.util.ArrayList.forEach(ArrayList.java:1257)
... Removed 36 stack frames]]>
    </failure>
  </testcase> <!-- checkStatusLine -->
  <testcase name="tearDown" time="0.001" classname="com.employee.api.testCases.TC005_Delete_employee"/>
</testsuite> <!-- employee api  testing -->
