<?xml version="1.0" encoding="UTF-8"?>
<testsuite xmlns:xsi="http://www.w3.org/2001/XMLSchema-instance" xsi:noNamespaceSchemaLocation="https://maven.apache.org/surefire/maven-surefire-plugin/xsd/surefire-test-report-3.0.xsd" version="3.0" name="TestSuite" time="37.423" tests="35" errors="0" skipped="0" failures="14">
  <properties>
[...]
</properties>
  <testcase name="checkContentType" classname="com.employee.api.testCases.TC001_Get_all_employees" time="0.015">
    <failure message="expected [application/json] but found [text/html; charset=UTF-8]" type="java.lang.AssertionError"><![CDATA[java.lang.AssertionError: expected [application/json] but found [text/html; charset=UTF-8]
	at com.employee.api.testCases.TC001_Get_all_employees.checkContentType(TC001_Get_all_employees.java:65)
]]></failure>
    <system-out><![CDATA[ INFO [main] (TC001_Get_all_employees.java:19)- ****TC001_Get_all_employees started****
 INFO [main] (TC001_Get_all_employees.java:62)- ****checking content type****
 INFO [main] (TC001_Get_all_employees.java:64)- content type is text/html; charset=UTF-8
]]></system-out>
    <system-err><![CDATA[SLF4J: Failed to load class "org.slf4j.impl.StaticLoggerBinder".
SLF4J: Defaulting to no-operation (NOP) logger implementation
SLF4J: See http://www.slf4j.org/codes.html#StaticLoggerBinder for further details.
]]></system-err>
  </testcase>
  <testcase name="checkResponseBody" classname="com.employee.api.testCases.TC001_Get_all_employees" time="0.019">
    <system-out><![CDATA[ INFO [main] (TC001_Get_all_employees.java:31)- ****checking response body****
 INFO [main] (TC001_Get_all_employees.java:34)- response body==> <!DOCTYPE html>
<html lang="en">
    <head>
        <meta charset="utf-8">
        <meta name="viewport" content="width=device-width, initial-scale=1">

        <title>Too Many Requests</title>

        <!-- Fonts -->
        <link rel="dns-prefetch" href="//fonts.gstatic.com">
        <link href="https://fonts.googleapis.com/css?family=Nunito" rel="stylesheet">

        <!-- Styles -->
        <style>
            html, body {
                background-color: #fff;
                color: #636b6f;
                font-family: 'Nunito', sans-serif;
                font-weight: 100;
                height: 100vh;
                margin: 0;
            }

            .full-height {
                height: 100vh;
            }

            .flex-center {
                align-items: center;
                display: flex;
                justify-content: center;
            }

            .position-ref {
                position: relative;
            }

            .code {
                border-right: 2px solid;
                font-size: 26px;
                padding: 0 15px 0 15px;
                text-align: center;
            }

            .message {
                font-size: 18px;
                text-align: center;
            }
        </style>
    </head>
    <body>
        <div class="flex-center position-ref full-height">
            <div class="code">
                429            </div>

            <div class="message" style="padding: 10px;">
                Too Many Requests            </div>
        </div>
    </body>
</html>

]]></system-out>
  </testcase>
  <testcase name="checkResponseTime" classname="com.employee.api.testCases.TC001_Get_all_employees" time="0.004">
    <system-out><![CDATA[ INFO [main] (TC001_Get_all_employees.java:78)- ****checking response time****
 INFO [main] (TC001_Get_all_employees.java:80)- response time is 1819
]]></system-out>
  </testcase>
  <testcase name="checkServerType" classname="com.employee.api.testCases.TC001_Get_all_employees" time="0.001">
    <system-out><![CDATA[ INFO [main] (TC001_Get_all_employees.java:70)- ****checking server type****
 INFO [main] (TC001_Get_all_employees.java:72)- content type is cloudflare
]]></system-out>
  </testcase>
  <testcase name="checkStatusCode" classname="com.employee.api.testCases.TC001_Get_all_employees" time="0.001">
    <failure message="expected [200] but found [429]" type="java.lang.AssertionError"><![CDATA[java.lang.AssertionError: expected [200] but found [429]
	at com.employee.api.testCases.TC001_Get_all_employees.checkStatusCode(TC001_Get_all_employees.java:45)
]]></failure>
    <system-out><![CDATA[ INFO [main] (TC001_Get_all_employees.java:41)- ****checking status code****
 INFO [main] (TC001_Get_all_employees.java:44)- status code 429
]]></system-out>
  </testcase>
  <testcase name="checkStatusLine" classname="com.employee.api.testCases.TC001_Get_all_employees" time="0.001">
    <failure message="expected [HTTP/1.1 200 OK] but found [HTTP/1.1 429 Too Many Requests]" type="java.lang.AssertionError"><![CDATA[java.lang.AssertionError: expected [HTTP/1.1 200 OK] but found [HTTP/1.1 429 Too Many Requests]
	at com.employee.api.testCases.TC001_Get_all_employees.checkStatusLine(TC001_Get_all_employees.java:57)
]]></failure>
    <system-out><![CDATA[ INFO [main] (TC001_Get_all_employees.java:51)- ****checking status line****
HTTP/1.1 429 Too Many Requests
 INFO [main] (TC001_Get_all_employees.java:56)- status code HTTP/1.1 429 Too Many Requests
]]></system-out>
  </testcase>
  <testcase name="tearDown" classname="com.employee.api.testCases.TC001_Get_all_employees" time="0.001">
    <system-out><![CDATA[ INFO [main] (TC001_Get_all_employees.java:93)- ****finished TC001_Get_all_employees**** 
]]></system-out>
  </testcase>
  <testcase name="checkContentType" classname="com.employee.api.testCases.TC002_Get_single_employee_data" time="0.005">
    <failure message="expected [application/json] but found [text/html; charset=UTF-8]" type="java.lang.AssertionError"><![CDATA[java.lang.AssertionError: expected [application/json] but found [text/html; charset=UTF-8]
	at com.employee.api.testCases.TC002_Get_single_employee_data.checkContentType(TC002_Get_single_employee_data.java:64)
]]></failure>
    <system-out><![CDATA[ INFO [main] (TC002_Get_single_employee_data.java:17)- ****TC002_Get_single_employee_data started****
 INFO [main] (TC002_Get_single_employee_data.java:61)- ****checking content type****
 INFO [main] (TC002_Get_single_employee_data.java:63)- content type is text/html; charset=UTF-8
]]></system-out>
  </testcase>
  <testcase name="checkResponseBody" classname="com.employee.api.testCases.TC002_Get_single_employee_data" time="0.012">
    <system-out><![CDATA[ INFO [main] (TC002_Get_single_employee_data.java:30)- ****checking response body****
 INFO [main] (TC002_Get_single_employee_data.java:33)- response body==> <!DOCTYPE html>
<html lang="en">
    <head>
        <meta charset="utf-8">
        <meta name="viewport" content="width=device-width, initial-scale=1">

        <title>Too Many Requests</title>

        <!-- Fonts -->
        <link rel="dns-prefetch" href="//fonts.gstatic.com">
        <link href="https://fonts.googleapis.com/css?family=Nunito" rel="stylesheet">

        <!-- Styles -->
        <style>
            html, body {
                background-color: #fff;
                color: #636b6f;
                font-family: 'Nunito', sans-serif;
                font-weight: 100;
                height: 100vh;
                margin: 0;
            }

            .full-height {
                height: 100vh;
            }

            .flex-center {
                align-items: center;
                display: flex;
                justify-content: center;
            }

            .position-ref {
                position: relative;
            }

            .code {
                border-right: 2px solid;
                font-size: 26px;
                padding: 0 15px 0 15px;
                text-align: center;
            }

            .message {
                font-size: 18px;
                text-align: center;
            }
        </style>
    </head>
    <body>
        <div class="flex-center position-ref full-height">
            <div class="code">
                429            </div>

            <div class="message" style="padding: 10px;">
                Too Many Requests            </div>
        </div>
    </body>
</html>

]]></system-out>
  </testcase>
  <testcase name="checkResponseTime" classname="com.employee.api.testCases.TC002_Get_single_employee_data" time="0">
    <system-out><![CDATA[ INFO [main] (TC002_Get_single_employee_data.java:77)- ****checking response time****
 INFO [main] (TC002_Get_single_employee_data.java:79)- response time is 1784
]]></system-out>
  </testcase>
  <testcase name="checkServerType" classname="com.employee.api.testCases.TC002_Get_single_employee_data" time="0.002">
    <system-out><![CDATA[ INFO [main] (TC002_Get_single_employee_data.java:69)- ****checking server type****
 INFO [main] (TC002_Get_single_employee_data.java:71)- content type is cloudflare
]]></system-out>
  </testcase>
  <testcase name="checkStatusCode" classname="com.employee.api.testCases.TC002_Get_single_employee_data" time="0">
    <failure message="expected [200] but found [429]" type="java.lang.AssertionError"><![CDATA[java.lang.AssertionError: expected [200] but found [429]
	at com.employee.api.testCases.TC002_Get_single_employee_data.checkStatusCode(TC002_Get_single_employee_data.java:44)
]]></failure>
    <system-out><![CDATA[ INFO [main] (TC002_Get_single_employee_data.java:40)- ****checking status code****
 INFO [main] (TC002_Get_single_employee_data.java:43)- status code 429
]]></system-out>
  </testcase>
  <testcase name="checkStatusLine" classname="com.employee.api.testCases.TC002_Get_single_employee_data" time="0.002">
    <failure message="expected [HTTP/1.1 200 OK] but found [HTTP/1.1 429 Too Many Requests]" type="java.lang.AssertionError"><![CDATA[java.lang.AssertionError: expected [HTTP/1.1 200 OK] but found [HTTP/1.1 429 Too Many Requests]
	at com.employee.api.testCases.TC002_Get_single_employee_data.checkStatusLine(TC002_Get_single_employee_data.java:56)
]]></failure>
    <system-out><![CDATA[ INFO [main] (TC002_Get_single_employee_data.java:50)- ****checking status line****
HTTP/1.1 429 Too Many Requests
 INFO [main] (TC002_Get_single_employee_data.java:55)- status code HTTP/1.1 429 Too Many Requests
]]></system-out>
  </testcase>
  <testcase name="tearDown" classname="com.employee.api.testCases.TC002_Get_single_employee_data" time="0.003">
    <system-out><![CDATA[ INFO [main] (TC002_Get_single_employee_data.java:92)- ****finished TC002_Get_single_employee_data**** 
]]></system-out>
  </testcase>
  <testcase name="checkContentType" classname="com.employee.api.testCases.TC003_Create_employee" time="0.003">
    <failure message="expected [application/json] but found [text/html; charset=UTF-8]" type="java.lang.AssertionError"><![CDATA[java.lang.AssertionError: expected [application/json] but found [text/html; charset=UTF-8]
	at com.employee.api.testCases.TC003_Create_employee.checkContentType(TC003_Create_employee.java:83)
]]></failure>
    <system-out><![CDATA[ INFO [main] (TC003_Create_employee.java:23)- ****TC003_Create_employee started****
 INFO [main] (TC003_Create_employee.java:80)- ****checking content type****
 INFO [main] (TC003_Create_employee.java:82)- content type is text/html; charset=UTF-8
]]></system-out>
  </testcase>
  <testcase name="checkResponseBody" classname="com.employee.api.testCases.TC003_Create_employee" time="0.006">
    <failure message="expected [true] but found [false]" type="java.lang.AssertionError"><![CDATA[java.lang.AssertionError: expected [true] but found [false]
	at com.employee.api.testCases.TC003_Create_employee.checkResponseBody(TC003_Create_employee.java:51)
]]></failure>
    <system-out><![CDATA[ INFO [main] (TC003_Create_employee.java:47)- ****checking response body****
 INFO [main] (TC003_Create_employee.java:50)- response body==> <!DOCTYPE html>
<html lang="en">
    <head>
        <meta charset="utf-8">
        <meta name="viewport" content="width=device-width, initial-scale=1">

        <title>Too Many Requests</title>

        <!-- Fonts -->
        <link rel="dns-prefetch" href="//fonts.gstatic.com">
        <link href="https://fonts.googleapis.com/css?family=Nunito" rel="stylesheet">

        <!-- Styles -->
        <style>
            html, body {
                background-color: #fff;
                color: #636b6f;
                font-family: 'Nunito', sans-serif;
                font-weight: 100;
                height: 100vh;
                margin: 0;
            }

            .full-height {
                height: 100vh;
            }

            .flex-center {
                align-items: center;
                display: flex;
                justify-content: center;
            }

            .position-ref {
                position: relative;
            }

            .code {
                border-right: 2px solid;
                font-size: 26px;
                padding: 0 15px 0 15px;
                text-align: center;
            }

            .message {
                font-size: 18px;
                text-align: center;
            }
        </style>
    </head>
    <body>
        <div class="flex-center position-ref full-height">
            <div class="code">
                429            </div>

            <div class="message" style="padding: 10px;">
                Too Many Requests            </div>
        </div>
    </body>
</html>

]]></system-out>
  </testcase>
  <testcase name="checkResponseTime" classname="com.employee.api.testCases.TC003_Create_employee" time="0.002">
    <system-out><![CDATA[ INFO [main] (TC003_Create_employee.java:96)- ****checking response time****
 INFO [main] (TC003_Create_employee.java:98)- response time is 1596
]]></system-out>
  </testcase>
  <testcase name="checkServerType" classname="com.employee.api.testCases.TC003_Create_employee" time="0.002">
    <system-out><![CDATA[ INFO [main] (TC003_Create_employee.java:88)- ****checking server type****
 INFO [main] (TC003_Create_employee.java:90)- content type is cloudflare
]]></system-out>
  </testcase>
  <testcase name="checkStatusCode" classname="com.employee.api.testCases.TC003_Create_employee" time="0.002">
    <failure message="expected [200] but found [429]" type="java.lang.AssertionError"><![CDATA[java.lang.AssertionError: expected [200] but found [429]
	at com.employee.api.testCases.TC003_Create_employee.checkStatusCode(TC003_Create_employee.java:63)
]]></failure>
    <system-out><![CDATA[ INFO [main] (TC003_Create_employee.java:59)- ****checking status code****
 INFO [main] (TC003_Create_employee.java:62)- status code 429
]]></system-out>
  </testcase>
  <testcase name="checkStatusLine" classname="com.employee.api.testCases.TC003_Create_employee" time="0.003">
    <failure message="expected [HTTP/1.1 200 OK] but found [HTTP/1.1 429 Too Many Requests]" type="java.lang.AssertionError"><![CDATA[java.lang.AssertionError: expected [HTTP/1.1 200 OK] but found [HTTP/1.1 429 Too Many Requests]
	at com.employee.api.testCases.TC003_Create_employee.checkStatusLine(TC003_Create_employee.java:75)
]]></failure>
    <system-out><![CDATA[ INFO [main] (TC003_Create_employee.java:69)- ****checking status line****
HTTP/1.1 429 Too Many Requests
 INFO [main] (TC003_Create_employee.java:74)- status code HTTP/1.1 429 Too Many Requests
]]></system-out>
  </testcase>
  <testcase name="tearDown" classname="com.employee.api.testCases.TC003_Create_employee" time="0.003">
    <system-out><![CDATA[ INFO [main] (TC003_Create_employee.java:111)- ****finished TC003_Create_employee**** 
]]></system-out>
  </testcase>
  <testcase name="checkContentType" classname="com.employee.api.testCases.TC004_Update_employee" time="0.002">
    <system-out><![CDATA[ INFO [main] (TC004_Update_employee.java:22)- ****TC004_Update_employee****
 INFO [main] (TC004_Update_employee.java:75)- ****checking content type****
 INFO [main] (TC004_Update_employee.java:77)- content type is application/json
]]></system-out>
  </testcase>
  <testcase name="checkResponseBody" classname="com.employee.api.testCases.TC004_Update_employee" time="0.003">
    <system-out><![CDATA[ INFO [main] (TC004_Update_employee.java:43)- ****checking response body****
 INFO [main] (TC004_Update_employee.java:46)- response body==> {"status":"success","data":{"employee_name":"johnf"},"message":"Successfully! Record has been updated."}
]]></system-out>
  </testcase>
  <testcase name="checkResponseTime" classname="com.employee.api.testCases.TC004_Update_employee" time="0.001">
    <system-out><![CDATA[ INFO [main] (TC004_Update_employee.java:91)- ****checking response time****
 INFO [main] (TC004_Update_employee.java:93)- response time is 1605
]]></system-out>
  </testcase>
  <testcase name="checkServerType" classname="com.employee.api.testCases.TC004_Update_employee" time="0.002">
    <system-out><![CDATA[ INFO [main] (TC004_Update_employee.java:83)- ****checking server type****
 INFO [main] (TC004_Update_employee.java:85)- content type is cloudflare
]]></system-out>
  </testcase>
  <testcase name="checkStatusCode" classname="com.employee.api.testCases.TC004_Update_employee" time="0.002">
    <system-out><![CDATA[ INFO [main] (TC004_Update_employee.java:54)- ****checking status code****
 INFO [main] (TC004_Update_employee.java:57)- status code 200
]]></system-out>
  </testcase>
  <testcase name="checkStatusLine" classname="com.employee.api.testCases.TC004_Update_employee" time="0.002">
    <system-out><![CDATA[ INFO [main] (TC004_Update_employee.java:64)- ****checking status line****
HTTP/1.1 200 OK
 INFO [main] (TC004_Update_employee.java:69)- status code HTTP/1.1 200 OK
]]></system-out>
  </testcase>
  <testcase name="tearDown" classname="com.employee.api.testCases.TC004_Update_employee" time="0">
    <system-out><![CDATA[ INFO [main] (TC004_Update_employee.java:106)- ****finished TC004_Update_employee**** 
]]></system-out>
  </testcase>
  <testcase name="checkContentType" classname="com.employee.api.testCases.TC005_Delete_employee" time="0.004">
    <failure message="expected [application/json] but found [text/html; charset=UTF-8]" type="java.lang.AssertionError"><![CDATA[java.lang.AssertionError: expected [application/json] but found [text/html; charset=UTF-8]
	at com.employee.api.testCases.TC005_Delete_employee.checkContentType(TC005_Delete_employee.java:71)
]]></failure>
    <system-out><![CDATA[ INFO [main] (TC005_Delete_employee.java:18)- ****TC005_Delete_employee****
 INFO [main] (TC005_Delete_employee.java:68)- ****checking content type****
 INFO [main] (TC005_Delete_employee.java:70)- content type is text/html; charset=UTF-8
]]></system-out>
  </testcase>
  <testcase name="checkResponseBody" classname="com.employee.api.testCases.TC005_Delete_employee" time="0.006">
    <failure message="expected [true] but found [false]" type="java.lang.AssertionError"><![CDATA[java.lang.AssertionError: expected [true] but found [false]
	at com.employee.api.testCases.TC005_Delete_employee.checkResponseBody(TC005_Delete_employee.java:40)
]]></failure>
    <system-out><![CDATA[ INFO [main] (TC005_Delete_employee.java:36)- ****checking response body****
 INFO [main] (TC005_Delete_employee.java:39)- response body==> <!DOCTYPE html>
<html lang="en">
    <head>
        <meta charset="utf-8">
        <meta name="viewport" content="width=device-width, initial-scale=1">

        <title>Too Many Requests</title>

        <!-- Fonts -->
        <link rel="dns-prefetch" href="//fonts.gstatic.com">
        <link href="https://fonts.googleapis.com/css?family=Nunito" rel="stylesheet">

        <!-- Styles -->
        <style>
            html, body {
                background-color: #fff;
                color: #636b6f;
                font-family: 'Nunito', sans-serif;
                font-weight: 100;
                height: 100vh;
                margin: 0;
            }

            .full-height {
                height: 100vh;
            }

            .flex-center {
                align-items: center;
                display: flex;
                justify-content: center;
            }

            .position-ref {
                position: relative;
            }

            .code {
                border-right: 2px solid;
                font-size: 26px;
                padding: 0 15px 0 15px;
                text-align: center;
            }

            .message {
                font-size: 18px;
                text-align: center;
            }
        </style>
    </head>
    <body>
        <div class="flex-center position-ref full-height">
            <div class="code">
                429            </div>

            <div class="message" style="padding: 10px;">
                Too Many Requests            </div>
        </div>
    </body>
</html>

]]></system-out>
  </testcase>
  <testcase name="checkResponseTime" classname="com.employee.api.testCases.TC005_Delete_employee" time="0.001">
    <system-out><![CDATA[ INFO [main] (TC005_Delete_employee.java:84)- ****checking response time****
 INFO [main] (TC005_Delete_employee.java:86)- response time is 1724
]]></system-out>
  </testcase>
  <testcase name="checkServerType" classname="com.employee.api.testCases.TC005_Delete_employee" time="0.002">
    <system-out><![CDATA[ INFO [main] (TC005_Delete_employee.java:76)- ****checking server type****
 INFO [main] (TC005_Delete_employee.java:78)- content type is cloudflare
]]></system-out>
  </testcase>
  <testcase name="checkStatusCode" classname="com.employee.api.testCases.TC005_Delete_employee" time="0.002">
    <failure message="expected [200] but found [429]" type="java.lang.AssertionError"><![CDATA[java.lang.AssertionError: expected [200] but found [429]
	at com.employee.api.testCases.TC005_Delete_employee.checkStatusCode(TC005_Delete_employee.java:51)
]]></failure>
    <system-out><![CDATA[ INFO [main] (TC005_Delete_employee.java:47)- ****checking status code****
 INFO [main] (TC005_Delete_employee.java:50)- status code 429
]]></system-out>
  </testcase>
  <testcase name="checkStatusLine" classname="com.employee.api.testCases.TC005_Delete_employee" time="0.003">
    <failure message="expected [HTTP/1.1 200 OK] but found [HTTP/1.1 429 Too Many Requests]" type="java.lang.AssertionError"><![CDATA[java.lang.AssertionError: expected [HTTP/1.1 200 OK] but found [HTTP/1.1 429 Too Many Requests]
	at com.employee.api.testCases.TC005_Delete_employee.checkStatusLine(TC005_Delete_employee.java:63)
]]></failure>
    <system-out><![CDATA[ INFO [main] (TC005_Delete_employee.java:57)- ****checking status line****
HTTP/1.1 429 Too Many Requests
 INFO [main] (TC005_Delete_employee.java:62)- status code HTTP/1.1 429 Too Many Requests
]]></system-out>
  </testcase>
  <testcase name="tearDown" classname="com.employee.api.testCases.TC005_Delete_employee" time="0">
    <system-out><![CDATA[ INFO [main] (TC005_Delete_employee.java:99)- ****finished TC005_Delete_employee**** 
]]></system-out>
  </testcase>
</testsuite>